[25abr2023 20:30:37.889] [main/INFO] [cpw.mods.modlauncher.Launcher/MODLAUNCHER]: ModLauncher running: args [--launchTarget, forgeserver, --fml.forgeVersion, 44.1.0, --fml.mcVersion, 1.19.3, --fml.forgeGroup, net.minecraftforge, --fml.mcpVersion, 20221207.122022]
[25abr2023 20:30:37.896] [main/INFO] [cpw.mods.modlauncher.Launcher/MODLAUNCHER]: ModLauncher 10.0.8+10.0.8+main.0ef7e830 starting: java version 19 by Oracle Corporation; OS Windows 10 arch amd64 version 10.0
[25abr2023 20:30:37.954] [main/DEBUG] [cpw.mods.modlauncher.LaunchServiceHandler/MODLAUNCHER]: Found launch services [fmlclientdev,forgeclient,minecraft,forgegametestserverdev,fmlserveruserdev,fmlclient,fmldatauserdev,forgeserverdev,forgeserveruserdev,forgeclientdev,forgeclientuserdev,forgeserver,forgedatadev,fmlserver,fmlclientuserdev,fmlserverdev,forgedatauserdev,testharness,forgegametestserveruserdev]
[25abr2023 20:30:37.968] [main/DEBUG] [cpw.mods.modlauncher.NameMappingServiceHandler/MODLAUNCHER]: Found naming services : [srgtomcp]
[25abr2023 20:30:37.988] [main/DEBUG] [cpw.mods.modlauncher.LaunchPluginHandler/MODLAUNCHER]: Found launch plugins: [mixin,eventbus,slf4jfixer,object_holder_definalize,runtime_enum_extender,capability_token_subclass,accesstransformer,runtimedistcleaner]
[25abr2023 20:30:38.003] [main/DEBUG] [cpw.mods.modlauncher.TransformationServicesHandler/MODLAUNCHER]: Discovering transformation services
[25abr2023 20:30:38.010] [main/DEBUG] [cpw.mods.modlauncher.TransformationServicesHandler/MODLAUNCHER]: Found additional transformation services from discovery services: 
[25abr2023 20:30:38.019] [main/DEBUG] [cpw.mods.modlauncher.TransformationServicesHandler/MODLAUNCHER]: Found transformer services : [mixin,fml]
[25abr2023 20:30:38.019] [main/DEBUG] [cpw.mods.modlauncher.TransformationServicesHandler/MODLAUNCHER]: Transformation services loading
[25abr2023 20:30:38.021] [main/DEBUG] [cpw.mods.modlauncher.TransformationServiceDecorator/MODLAUNCHER]: Loading service mixin
[25abr2023 20:30:38.021] [main/DEBUG] [cpw.mods.modlauncher.TransformationServiceDecorator/MODLAUNCHER]: Loaded service mixin
[25abr2023 20:30:38.021] [main/DEBUG] [cpw.mods.modlauncher.TransformationServiceDecorator/MODLAUNCHER]: Loading service fml
[25abr2023 20:30:38.023] [main/DEBUG] [net.minecraftforge.fml.loading.LauncherVersion/CORE]: Found FMLLauncher version 1.0
[25abr2023 20:30:38.023] [main/DEBUG] [net.minecraftforge.fml.loading.FMLLoader/CORE]: FML 1.0 loading
[25abr2023 20:30:38.023] [main/DEBUG] [net.minecraftforge.fml.loading.FMLLoader/CORE]: FML found ModLauncher version : 10.0.8+10.0.8+main.0ef7e830
[25abr2023 20:30:38.023] [main/DEBUG] [net.minecraftforge.fml.loading.FMLLoader/CORE]: FML found AccessTransformer version : 8.0.4+66+master.c09db6d7
[25abr2023 20:30:38.024] [main/DEBUG] [net.minecraftforge.fml.loading.FMLLoader/CORE]: FML found EventBus version : 6.0.3+6.0.3+master.039e4ea9
[25abr2023 20:30:38.024] [main/DEBUG] [net.minecraftforge.fml.loading.FMLLoader/CORE]: Found Runtime Dist Cleaner
[25abr2023 20:30:38.026] [main/DEBUG] [net.minecraftforge.fml.loading.FMLLoader/CORE]: FML found CoreMod version : 5.0.1+15+master.dc5a2922
[25abr2023 20:30:38.026] [main/DEBUG] [net.minecraftforge.fml.loading.FMLLoader/CORE]: Found ForgeSPI package implementation version 6.0.0+6.0.0+master.42474703
[25abr2023 20:30:38.026] [main/DEBUG] [net.minecraftforge.fml.loading.FMLLoader/CORE]: Found ForgeSPI package specification 5
[25abr2023 20:30:38.028] [main/DEBUG] [cpw.mods.modlauncher.TransformationServiceDecorator/MODLAUNCHER]: Loaded service fml
[25abr2023 20:30:38.028] [main/DEBUG] [cpw.mods.modlauncher.TransformationServicesHandler/MODLAUNCHER]: Configuring option handling for services
[25abr2023 20:30:38.033] [main/DEBUG] [cpw.mods.modlauncher.TransformationServicesHandler/MODLAUNCHER]: Transformation services initializing
[25abr2023 20:30:38.034] [main/DEBUG] [cpw.mods.modlauncher.TransformationServiceDecorator/MODLAUNCHER]: Initializing transformation service mixin
[25abr2023 20:30:38.045] [main/DEBUG] [mixin/]: MixinService [ModLauncher] was successfully booted in cpw.mods.cl.ModuleClassLoader@28ac3dc3
[25abr2023 20:30:38.056] [main/INFO] [mixin/]: SpongePowered MIXIN Subsystem Version=0.8.5 Source=union:/C:/Users/forti/Desktop/Projects/minecraft_server/modded/libraries/org/spongepowered/mixin/0.8.5/mixin-0.8.5.jar%2364!/ Service=ModLauncher Env=SERVER
[25abr2023 20:30:38.059] [main/DEBUG] [mixin/]: Initialising Mixin Platform Manager
[25abr2023 20:30:38.059] [main/DEBUG] [mixin/]: Adding mixin platform agents for container ModLauncher Root Container(ModLauncher:4f56a0a2)
[25abr2023 20:30:38.059] [main/DEBUG] [mixin/]: Instancing new MixinPlatformAgentMinecraftForge for ModLauncher Root Container(ModLauncher:4f56a0a2)
[25abr2023 20:30:38.059] [main/DEBUG] [mixin/]: MixinPlatformAgentMinecraftForge rejected container ModLauncher Root Container(ModLauncher:4f56a0a2)
[25abr2023 20:30:38.060] [main/DEBUG] [mixin/]: Instancing new MixinPlatformAgentDefault for ModLauncher Root Container(ModLauncher:4f56a0a2)
[25abr2023 20:30:38.060] [main/DEBUG] [mixin/]: MixinPlatformAgentDefault accepted container ModLauncher Root Container(ModLauncher:4f56a0a2)
[25abr2023 20:30:38.061] [main/DEBUG] [cpw.mods.modlauncher.TransformationServiceDecorator/MODLAUNCHER]: Initialized transformation service mixin
[25abr2023 20:30:38.061] [main/DEBUG] [cpw.mods.modlauncher.TransformationServiceDecorator/MODLAUNCHER]: Initializing transformation service fml
[25abr2023 20:30:38.061] [main/DEBUG] [net.minecraftforge.fml.loading.FMLServiceProvider/CORE]: Setting up basic FML game directories
[25abr2023 20:30:38.062] [main/DEBUG] [net.minecraftforge.fml.loading.FileUtils/CORE]: Found existing GAMEDIR directory : C:\Users\forti\Desktop\Projects\minecraft_server\modded
[25abr2023 20:30:38.062] [main/DEBUG] [net.minecraftforge.fml.loading.FMLPaths/CORE]: Path GAMEDIR is C:\Users\forti\Desktop\Projects\minecraft_server\modded
[25abr2023 20:30:38.063] [main/DEBUG] [net.minecraftforge.fml.loading.FileUtils/CORE]: Making MODSDIR directory : C:\Users\forti\Desktop\Projects\minecraft_server\modded\mods
[25abr2023 20:30:38.063] [main/DEBUG] [net.minecraftforge.fml.loading.FileUtils/CORE]: Created MODSDIR directory : C:\Users\forti\Desktop\Projects\minecraft_server\modded\mods
[25abr2023 20:30:38.063] [main/DEBUG] [net.minecraftforge.fml.loading.FMLPaths/CORE]: Path MODSDIR is C:\Users\forti\Desktop\Projects\minecraft_server\modded\mods
[25abr2023 20:30:38.063] [main/DEBUG] [net.minecraftforge.fml.loading.FileUtils/CORE]: Making CONFIGDIR directory : C:\Users\forti\Desktop\Projects\minecraft_server\modded\config
[25abr2023 20:30:38.063] [main/DEBUG] [net.minecraftforge.fml.loading.FileUtils/CORE]: Created CONFIGDIR directory : C:\Users\forti\Desktop\Projects\minecraft_server\modded\config
[25abr2023 20:30:38.063] [main/DEBUG] [net.minecraftforge.fml.loading.FMLPaths/CORE]: Path CONFIGDIR is C:\Users\forti\Desktop\Projects\minecraft_server\modded\config
[25abr2023 20:30:38.064] [main/DEBUG] [net.minecraftforge.fml.loading.FMLPaths/CORE]: Path FMLCONFIG is C:\Users\forti\Desktop\Projects\minecraft_server\modded\config\fml.toml
[25abr2023 20:30:38.064] [main/DEBUG] [net.minecraftforge.fml.loading.FMLServiceProvider/CORE]: Loading configuration
[25abr2023 20:30:38.084] [main/WARN] [net.minecraftforge.fml.loading.FMLConfig/CORE]: Configuration file C:\Users\forti\Desktop\Projects\minecraft_server\modded\config\fml.toml is not correct. Correcting
[25abr2023 20:30:38.088] [main/WARN] [net.minecraftforge.fml.loading.FMLConfig/CORE]: Incorrect key [defaultConfigPath] was corrected from null to defaultconfigs
[25abr2023 20:30:38.089] [main/DEBUG] [net.minecraftforge.fml.loading.FileUtils/CORE]: Making default config directory directory : C:\Users\forti\Desktop\Projects\minecraft_server\modded\defaultconfigs
[25abr2023 20:30:38.089] [main/DEBUG] [net.minecraftforge.fml.loading.FileUtils/CORE]: Created default config directory directory : C:\Users\forti\Desktop\Projects\minecraft_server\modded\defaultconfigs
[25abr2023 20:30:38.089] [main/DEBUG] [net.minecraftforge.fml.loading.FMLServiceProvider/CORE]: Preparing ModFile
[25abr2023 20:30:38.091] [main/DEBUG] [net.minecraftforge.fml.loading.FMLServiceProvider/CORE]: Preparing launch handler
[25abr2023 20:30:38.091] [main/DEBUG] [net.minecraftforge.fml.loading.FMLLoader/CORE]: Using forgeserver as launch service
[25abr2023 20:30:38.101] [main/DEBUG] [net.minecraftforge.fml.loading.FMLLoader/CORE]: Received command line version data  : VersionInfo[forgeVersion=44.1.0, mcVersion=1.19.3, mcpVersion=20221207.122022, forgeGroup=net.minecraftforge]
[25abr2023 20:30:38.102] [main/DEBUG] [cpw.mods.modlauncher.TransformationServiceDecorator/MODLAUNCHER]: Initialized transformation service fml
[25abr2023 20:30:38.102] [main/DEBUG] [cpw.mods.modlauncher.NameMappingServiceHandler/MODLAUNCHER]: Current naming domain is 'srg'
[25abr2023 20:30:38.102] [main/DEBUG] [cpw.mods.modlauncher.NameMappingServiceHandler/MODLAUNCHER]: Identified name mapping providers {}
[25abr2023 20:30:38.102] [main/DEBUG] [cpw.mods.modlauncher.TransformationServicesHandler/MODLAUNCHER]: Transformation services begin scanning
[25abr2023 20:30:38.103] [main/DEBUG] [cpw.mods.modlauncher.TransformationServiceDecorator/MODLAUNCHER]: Beginning scan trigger - transformation service mixin
[25abr2023 20:30:38.103] [main/DEBUG] [cpw.mods.modlauncher.TransformationServiceDecorator/MODLAUNCHER]: End scan trigger - transformation service mixin
[25abr2023 20:30:38.103] [main/DEBUG] [cpw.mods.modlauncher.TransformationServiceDecorator/MODLAUNCHER]: Beginning scan trigger - transformation service fml
[25abr2023 20:30:38.103] [main/DEBUG] [net.minecraftforge.fml.loading.FMLServiceProvider/CORE]: Initiating mod scan
[25abr2023 20:30:38.110] [main/DEBUG] [net.minecraftforge.fml.loading.moddiscovery.ModListHandler/CORE]: Found mod coordinates from lists: []
[25abr2023 20:30:38.111] [main/DEBUG] [net.minecraftforge.fml.loading.moddiscovery.ModDiscoverer/CORE]: Found Mod Locators : (mods folder:null),(maven libs:null),(exploded directory:null),(minecraft:null),(userdev classpath:null)
[25abr2023 20:30:38.112] [main/DEBUG] [net.minecraftforge.fml.loading.moddiscovery.ModDiscoverer/CORE]: Found Dependency Locators : (JarInJar:null)
[25abr2023 20:30:38.226] [main/DEBUG] [net.minecraftforge.fml.loading.moddiscovery.ModFileInfo/LOADING]: Found valid mod file server-1.19.3-20221207.122022-srg.jar with {minecraft} mods - versions {1.19.3}
[25abr2023 20:30:38.230] [main/DEBUG] [net.minecraftforge.fml.loading.moddiscovery.ModFileParser/LOADING]: Considering mod file candidate C:\Users\forti\Desktop\Projects\minecraft_server\modded\libraries\net\minecraftforge\fmlcore\1.19.3-44.1.0\fmlcore-1.19.3-44.1.0.jar
[25abr2023 20:30:38.230] [main/WARN] [net.minecraftforge.fml.loading.moddiscovery.ModFileParser/LOADING]: Mod file C:\Users\forti\Desktop\Projects\minecraft_server\modded\libraries\net\minecraftforge\fmlcore\1.19.3-44.1.0\fmlcore-1.19.3-44.1.0.jar is missing mods.toml file
[25abr2023 20:30:38.233] [main/DEBUG] [net.minecraftforge.fml.loading.moddiscovery.ModFileParser/LOADING]: Considering mod file candidate C:\Users\forti\Desktop\Projects\minecraft_server\modded\libraries\net\minecraftforge\javafmllanguage\1.19.3-44.1.0\javafmllanguage-1.19.3-44.1.0.jar
[25abr2023 20:30:38.233] [main/WARN] [net.minecraftforge.fml.loading.moddiscovery.ModFileParser/LOADING]: Mod file C:\Users\forti\Desktop\Projects\minecraft_server\modded\libraries\net\minecraftforge\javafmllanguage\1.19.3-44.1.0\javafmllanguage-1.19.3-44.1.0.jar is missing mods.toml file
[25abr2023 20:30:38.236] [main/DEBUG] [net.minecraftforge.fml.loading.moddiscovery.ModFileParser/LOADING]: Considering mod file candidate C:\Users\forti\Desktop\Projects\minecraft_server\modded\libraries\net\minecraftforge\lowcodelanguage\1.19.3-44.1.0\lowcodelanguage-1.19.3-44.1.0.jar
[25abr2023 20:30:38.236] [main/WARN] [net.minecraftforge.fml.loading.moddiscovery.ModFileParser/LOADING]: Mod file C:\Users\forti\Desktop\Projects\minecraft_server\modded\libraries\net\minecraftforge\lowcodelanguage\1.19.3-44.1.0\lowcodelanguage-1.19.3-44.1.0.jar is missing mods.toml file
[25abr2023 20:30:38.238] [main/DEBUG] [net.minecraftforge.fml.loading.moddiscovery.ModFileParser/LOADING]: Considering mod file candidate C:\Users\forti\Desktop\Projects\minecraft_server\modded\libraries\net\minecraftforge\mclanguage\1.19.3-44.1.0\mclanguage-1.19.3-44.1.0.jar
[25abr2023 20:30:38.238] [main/WARN] [net.minecraftforge.fml.loading.moddiscovery.ModFileParser/LOADING]: Mod file C:\Users\forti\Desktop\Projects\minecraft_server\modded\libraries\net\minecraftforge\mclanguage\1.19.3-44.1.0\mclanguage-1.19.3-44.1.0.jar is missing mods.toml file
[25abr2023 20:30:38.256] [main/DEBUG] [net.minecraftforge.fml.loading.moddiscovery.ModFileParser/LOADING]: Considering mod file candidate C:\Users\forti\Desktop\Projects\minecraft_server\modded\libraries\net\minecraftforge\forge\1.19.3-44.1.0\forge-1.19.3-44.1.0-universal.jar
[25abr2023 20:30:38.260] [main/DEBUG] [net.minecraftforge.fml.loading.moddiscovery.ModFileInfo/LOADING]: Found valid mod file forge-1.19.3-44.1.0-universal.jar with {forge} mods - versions {44.1.0}
[25abr2023 20:30:38.269] [main/DEBUG] [net.minecraftforge.fml.loading.moddiscovery.AbstractJarFileDependencyLocator/]: Failed to load resource META-INF\jarjar\metadata.json from server-1.19.3-20221207.122022-srg.jar, it does not contain dependency information.
[25abr2023 20:30:38.269] [main/DEBUG] [net.minecraftforge.fml.loading.moddiscovery.AbstractJarFileDependencyLocator/]: Failed to load resource META-INF\jarjar\metadata.json from forge-1.19.3-44.1.0-universal.jar, it does not contain dependency information.
[25abr2023 20:30:38.269] [main/DEBUG] [net.minecraftforge.fml.loading.moddiscovery.AbstractJarFileDependencyLocator/]: Failed to load resource META-INF\jarjar\metadata.json from mclanguage-1.19.3-44.1.0.jar, it does not contain dependency information.
[25abr2023 20:30:38.269] [main/DEBUG] [net.minecraftforge.fml.loading.moddiscovery.AbstractJarFileDependencyLocator/]: Failed to load resource META-INF\jarjar\metadata.json from javafmllanguage-1.19.3-44.1.0.jar, it does not contain dependency information.
[25abr2023 20:30:38.269] [main/DEBUG] [net.minecraftforge.fml.loading.moddiscovery.AbstractJarFileDependencyLocator/]: Failed to load resource META-INF\jarjar\metadata.json from fmlcore-1.19.3-44.1.0.jar, it does not contain dependency information.
[25abr2023 20:30:38.269] [main/DEBUG] [net.minecraftforge.fml.loading.moddiscovery.AbstractJarFileDependencyLocator/]: Failed to load resource META-INF\jarjar\metadata.json from lowcodelanguage-1.19.3-44.1.0.jar, it does not contain dependency information.
[25abr2023 20:30:38.301] [main/INFO] [net.minecraftforge.fml.loading.moddiscovery.JarInJarDependencyLocator/]: No dependencies to load found. Skipping!
[25abr2023 20:30:38.302] [main/DEBUG] [net.minecraftforge.fml.loading.moddiscovery.ModFileInfo/LOADING]: Found valid mod file server-1.19.3-20221207.122022-srg.jar with {minecraft} mods - versions {1.19.3}
[25abr2023 20:30:38.304] [main/DEBUG] [net.minecraftforge.fml.loading.moddiscovery.ModFile/LOADING]: Loading mod file C:\Users\forti\Desktop\Projects\minecraft_server\modded\libraries\net\minecraft\server\1.19.3-20221207.122022\server-1.19.3-20221207.122022-srg.jar with languages [LanguageSpec[languageName=minecraft, acceptedVersions=1]]
[25abr2023 20:30:38.305] [main/DEBUG] [net.minecraftforge.fml.loading.moddiscovery.ModFileParser/LOADING]: Considering mod file candidate C:\Users\forti\Desktop\Projects\minecraft_server\modded\libraries\net\minecraftforge\forge\1.19.3-44.1.0\forge-1.19.3-44.1.0-universal.jar
[25abr2023 20:30:38.305] [main/DEBUG] [net.minecraftforge.fml.loading.moddiscovery.ModFileInfo/LOADING]: Found valid mod file forge-1.19.3-44.1.0-universal.jar with {forge} mods - versions {44.1.0}
[25abr2023 20:30:38.306] [main/DEBUG] [net.minecraftforge.fml.loading.moddiscovery.ModFile/LOADING]: Loading mod file C:\Users\forti\Desktop\Projects\minecraft_server\modded\libraries\net\minecraftforge\forge\1.19.3-44.1.0\forge-1.19.3-44.1.0-universal.jar with languages [LanguageSpec[languageName=javafml, acceptedVersions=[24,]]]
[25abr2023 20:30:38.329] [main/DEBUG] [net.minecraftforge.fml.loading.moddiscovery.ModFileParser/LOADING]: Found coremod field_to_method with Javascript path coremods/field_to_method.js
[25abr2023 20:30:38.329] [main/DEBUG] [net.minecraftforge.fml.loading.moddiscovery.ModFileParser/LOADING]: Found coremod field_to_instanceof with Javascript path coremods/field_to_instanceof.js
[25abr2023 20:30:38.329] [main/DEBUG] [net.minecraftforge.fml.loading.moddiscovery.ModFileParser/LOADING]: Found coremod add_bouncer_method with Javascript path coremods/add_bouncer_method.js
[25abr2023 20:30:38.329] [main/DEBUG] [net.minecraftforge.fml.loading.moddiscovery.ModFile/LOADING]: Found coremod coremods/field_to_method.js
[25abr2023 20:30:38.330] [main/DEBUG] [net.minecraftforge.fml.loading.moddiscovery.ModFile/LOADING]: Found coremod coremods/field_to_instanceof.js
[25abr2023 20:30:38.330] [main/DEBUG] [net.minecraftforge.fml.loading.moddiscovery.ModFile/LOADING]: Found coremod coremods/add_bouncer_method.js
[25abr2023 20:30:38.330] [main/DEBUG] [cpw.mods.modlauncher.TransformationServiceDecorator/MODLAUNCHER]: End scan trigger - transformation service fml
[25abr2023 20:30:38.341] [main/DEBUG] [net.minecraftforge.fml.loading.LanguageLoadingProvider/CORE]: Found 3 language providers
[25abr2023 20:30:38.342] [main/DEBUG] [net.minecraftforge.fml.loading.LanguageLoadingProvider/CORE]: Found language provider minecraft, version 1.0
[25abr2023 20:30:38.343] [main/DEBUG] [net.minecraftforge.fml.loading.LanguageLoadingProvider/CORE]: Found language provider lowcodefml, version 44
[25abr2023 20:30:38.343] [main/DEBUG] [net.minecraftforge.fml.loading.LanguageLoadingProvider/CORE]: Found language provider javafml, version 44
[25abr2023 20:30:38.350] [main/DEBUG] [net.minecraftforge.fml.loading.ModSorter/]: Configured system mods: [minecraft, forge]
[25abr2023 20:30:38.350] [main/DEBUG] [net.minecraftforge.fml.loading.ModSorter/]: Found system mod: minecraft
[25abr2023 20:30:38.350] [main/DEBUG] [net.minecraftforge.fml.loading.ModSorter/]: Found system mod: forge
[25abr2023 20:30:38.355] [main/DEBUG] [net.minecraftforge.fml.loading.ModSorter/LOADING]: Found 0 mod requirements (0 mandatory, 0 optional)
[25abr2023 20:30:38.356] [main/DEBUG] [net.minecraftforge.fml.loading.ModSorter/LOADING]: Found 0 mod requirements missing (0 mandatory, 0 optional)
[25abr2023 20:30:38.610] [main/DEBUG] [cpw.mods.modlauncher.TransformationServicesHandler/MODLAUNCHER]: Transformation services loading transformers
[25abr2023 20:30:38.610] [main/DEBUG] [cpw.mods.modlauncher.TransformationServiceDecorator/MODLAUNCHER]: Initializing transformers for transformation service mixin
[25abr2023 20:30:38.610] [main/DEBUG] [cpw.mods.modlauncher.TransformationServiceDecorator/MODLAUNCHER]: Initialized transformers for transformation service mixin
[25abr2023 20:30:38.610] [main/DEBUG] [cpw.mods.modlauncher.TransformationServiceDecorator/MODLAUNCHER]: Initializing transformers for transformation service fml
[25abr2023 20:30:38.610] [main/DEBUG] [net.minecraftforge.fml.loading.FMLServiceProvider/CORE]: Loading coremod transformers
[25abr2023 20:30:38.611] [main/DEBUG] [net.minecraftforge.coremod.CoreModEngine/COREMOD]: Loading CoreMod from coremods/field_to_method.js
[25abr2023 20:30:38.821] [main/DEBUG] [net.minecraftforge.coremod.CoreModEngine/COREMOD]: CoreMod loaded successfully
[25abr2023 20:30:38.821] [main/DEBUG] [net.minecraftforge.coremod.CoreModEngine/COREMOD]: Loading CoreMod from coremods/field_to_instanceof.js
[25abr2023 20:30:38.887] [main/DEBUG] [net.minecraftforge.coremod.CoreModEngine/COREMOD]: CoreMod loaded successfully
[25abr2023 20:30:38.887] [main/DEBUG] [net.minecraftforge.coremod.CoreModEngine/COREMOD]: Loading CoreMod from coremods/add_bouncer_method.js
[25abr2023 20:30:38.922] [main/DEBUG] [net.minecraftforge.coremod.CoreModEngine/COREMOD]: CoreMod loaded successfully
[25abr2023 20:30:38.927] [main/DEBUG] [cpw.mods.modlauncher.TransformStore/MODLAUNCHER]: Adding transformer net.minecraftforge.coremod.transformer.CoreModClassTransformer@60325987 to Target : CLASS {Lnet/minecraft/world/level/biome/Biome;} {} {V}
[25abr2023 20:30:38.928] [main/DEBUG] [cpw.mods.modlauncher.TransformStore/MODLAUNCHER]: Adding transformer net.minecraftforge.coremod.transformer.CoreModClassTransformer@5e1d03d7 to Target : CLASS {Lnet/minecraft/world/level/levelgen/structure/Structure;} {} {V}
[25abr2023 20:30:38.928] [main/DEBUG] [cpw.mods.modlauncher.TransformStore/MODLAUNCHER]: Adding transformer net.minecraftforge.coremod.transformer.CoreModClassTransformer@4047d2d9 to Target : CLASS {Lnet/minecraft/world/effect/MobEffectInstance;} {} {V}
[25abr2023 20:30:38.928] [main/DEBUG] [cpw.mods.modlauncher.TransformStore/MODLAUNCHER]: Adding transformer net.minecraftforge.coremod.transformer.CoreModClassTransformer@48d293ee to Target : CLASS {Lnet/minecraft/world/level/block/LiquidBlock;} {} {V}
[25abr2023 20:30:38.928] [main/DEBUG] [cpw.mods.modlauncher.TransformStore/MODLAUNCHER]: Adding transformer net.minecraftforge.coremod.transformer.CoreModClassTransformer@146dcfe6 to Target : CLASS {Lnet/minecraft/world/item/BucketItem;} {} {V}
[25abr2023 20:30:38.928] [main/DEBUG] [cpw.mods.modlauncher.TransformStore/MODLAUNCHER]: Adding transformer net.minecraftforge.coremod.transformer.CoreModClassTransformer@22587507 to Target : CLASS {Lnet/minecraft/world/level/block/StairBlock;} {} {V}
[25abr2023 20:30:38.929] [main/DEBUG] [cpw.mods.modlauncher.TransformStore/MODLAUNCHER]: Adding transformer net.minecraftforge.coremod.transformer.CoreModClassTransformer@5c77ba8f to Target : CLASS {Lnet/minecraft/world/level/block/FlowerPotBlock;} {} {V}
[25abr2023 20:30:38.929] [main/DEBUG] [cpw.mods.modlauncher.TransformStore/MODLAUNCHER]: Adding transformer net.minecraftforge.coremod.transformer.CoreModClassTransformer@660f0c to Target : CLASS {Lnet/minecraft/world/item/ItemStack;} {} {V}
[25abr2023 20:30:38.929] [main/DEBUG] [cpw.mods.modlauncher.TransformStore/MODLAUNCHER]: Adding transformer net.minecraftforge.coremod.transformer.CoreModClassTransformer@7a0ef219 to Target : CLASS {Lnet/minecraft/network/play/client/CClientSettingsPacket;} {} {V}
[25abr2023 20:30:38.929] [main/DEBUG] [cpw.mods.modlauncher.TransformationServiceDecorator/MODLAUNCHER]: Initialized transformers for transformation service fml
[25abr2023 20:30:39.088] [main/DEBUG] [mixin/]: Processing prepare() for PlatformAgent[MixinPlatformAgentDefault:ModLauncher Root Container(ModLauncher:4f56a0a2)]
[25abr2023 20:30:39.089] [main/DEBUG] [mixin/]: Processing launch tasks for PlatformAgent[MixinPlatformAgentDefault:ModLauncher Root Container(ModLauncher:4f56a0a2)]
[25abr2023 20:30:39.089] [main/DEBUG] [mixin/]: Adding mixin platform agents for container SecureJarResource(minecraft)
[25abr2023 20:30:39.089] [main/DEBUG] [mixin/]: Instancing new MixinPlatformAgentMinecraftForge for SecureJarResource(minecraft)
[25abr2023 20:30:39.089] [main/DEBUG] [mixin/]: MixinPlatformAgentMinecraftForge rejected container SecureJarResource(minecraft)
[25abr2023 20:30:39.089] [main/DEBUG] [mixin/]: Instancing new MixinPlatformAgentDefault for SecureJarResource(minecraft)
[25abr2023 20:30:39.089] [main/DEBUG] [mixin/]: MixinPlatformAgentDefault accepted container SecureJarResource(minecraft)
[25abr2023 20:30:39.089] [main/DEBUG] [mixin/]: Processing prepare() for PlatformAgent[MixinPlatformAgentDefault:SecureJarResource(minecraft)]
[25abr2023 20:30:39.089] [main/DEBUG] [mixin/]: Adding mixin platform agents for container SecureJarResource(forge)
[25abr2023 20:30:39.089] [main/DEBUG] [mixin/]: Instancing new MixinPlatformAgentMinecraftForge for SecureJarResource(forge)
[25abr2023 20:30:39.089] [main/DEBUG] [mixin/]: MixinPlatformAgentMinecraftForge rejected container SecureJarResource(forge)
[25abr2023 20:30:39.089] [main/DEBUG] [mixin/]: Instancing new MixinPlatformAgentDefault for SecureJarResource(forge)
[25abr2023 20:30:39.089] [main/DEBUG] [mixin/]: MixinPlatformAgentDefault accepted container SecureJarResource(forge)
[25abr2023 20:30:39.090] [main/DEBUG] [mixin/]: Processing prepare() for PlatformAgent[MixinPlatformAgentDefault:SecureJarResource(forge)]
[25abr2023 20:30:39.090] [main/DEBUG] [mixin/]: inject() running with 3 agents
[25abr2023 20:30:39.090] [main/DEBUG] [mixin/]: Processing inject() for PlatformAgent[MixinPlatformAgentDefault:ModLauncher Root Container(ModLauncher:4f56a0a2)]
[25abr2023 20:30:39.090] [main/DEBUG] [mixin/]: Processing inject() for PlatformAgent[MixinPlatformAgentDefault:SecureJarResource(minecraft)]
[25abr2023 20:30:39.090] [main/DEBUG] [mixin/]: Processing inject() for PlatformAgent[MixinPlatformAgentDefault:SecureJarResource(forge)]
[25abr2023 20:30:39.090] [main/INFO] [cpw.mods.modlauncher.LaunchServiceHandler/MODLAUNCHER]: Launching target 'forgeserver' with arguments []
[25abr2023 20:30:39.168] [main/DEBUG] [mixin/]: Error cleaning class output directory: .mixin.out
[25abr2023 20:30:39.170] [main/DEBUG] [mixin/]: Preparing mixins for MixinEnvironment[DEFAULT]
[25abr2023 20:30:39.208] [main/DEBUG] [io.netty.util.internal.logging.InternalLoggerFactory/]: Using SLF4J as the default logging framework
[25abr2023 20:30:39.211] [main/DEBUG] [io.netty.util.ResourceLeakDetector/]: -Dio.netty.leakDetection.level: simple
[25abr2023 20:30:39.211] [main/DEBUG] [io.netty.util.ResourceLeakDetector/]: -Dio.netty.leakDetection.targetRecords: 4
[25abr2023 20:30:39.378] [main/WARN] [net.minecraft.server.Eula/]: Failed to load eula.txt
[25abr2023 20:30:39.384] [main/INFO] [net.minecraft.server.Main/]: You need to agree to the EULA in order to run the server. Go to eula.txt for more info.
